[INITIALIZATION][CLIENT][INFO] CraftTweaker: Building registry
[INITIALIZATION][CLIENT][INFO] CraftTweaker: Successfully built item registry
[INITIALIZATION][CLIENT][INFO] Loading scripts
[INITIALIZATION][CLIENT][INFO] [crafttweaker | SIDE_CLIENT]: Loading Script: {[0:crafttweaker]: test.zs}
[INITIALIZATION][CLIENT][ERROR] [crafttweaker]: Error executing {[0:crafttweaker]: test.zs}: Bad type on operand stack
Exception Details:
  Location:
    Test.__script__()V @61: ifnonnull
  Reason:
    Type integer (current frame, stack[4]) is not assignable to reference type
  Current Frame:
    bci: @61
    flags: { }
    locals: { top, '[Lcrafttweaker/api/item/IItemStack;' }
    stack: { '[Lstanhebben/zenscript/value/IAny;', '[Lstanhebben/zenscript/value/IAny;', integer, integer, integer }
  Bytecode:
    0x0000000: 120a bd00 0c59 120d 120f 120d b800 1553
    0x0000010: 5912 1612 1812 19b8 0015 5359 121a 1218
    0x0000020: 121b b800 1553 5912 1c12 1e12 0db8 0015
    0x0000030: 534c 120a bd00 2059 120d 1221 59c7 0008
    0x0000040: 5701 a700 06b8 0027 b800 2d53 5912 1612
    0x0000050: 2159 c700 0857 01a7 0006 b800 27b8 002d
    0x0000060: 5359 121a 122e 59c7 0008 5701 a700 06b8
    0x0000070: 0027 b800 2d53 5912 1c12 2159 c700 0857
    0x0000080: 01a7 0006 b800 27b8 002d 534e 120d bd00
    0x0000090: 203a 05b2 0034 bb00 3659 b700 39b9 003f
    0x00000a0: 0200 57b1                              
  Stackmap Table:
    full_frame(@69,{Top,Object[#65]},{Object[#67],Object[#67],Integer,Integer})
    full_frame(@72,{Top,Object[#65]},{Object[#67],Object[#67],Integer,Object[#32]})
    full_frame(@90,{Top,Object[#65]},{Object[#67],Object[#67],Integer,Integer})
    full_frame(@93,{Top,Object[#65]},{Object[#67],Object[#67],Integer,Object[#32]})
    full_frame(@111,{Top,Object[#65]},{Object[#67],Object[#67],Integer,Integer})
    full_frame(@114,{Top,Object[#65]},{Object[#67],Object[#67],Integer,Object[#32]})
    full_frame(@132,{Top,Object[#65]},{Object[#67],Object[#67],Integer,Integer})
    full_frame(@135,{Top,Object[#65]},{Object[#67],Object[#67],Integer,Object[#32]})

java.lang.VerifyError: Bad type on operand stack
Exception Details:
  Location:
    Test.__script__()V @61: ifnonnull
  Reason:
    Type integer (current frame, stack[4]) is not assignable to reference type
  Current Frame:
    bci: @61
    flags: { }
    locals: { top, '[Lcrafttweaker/api/item/IItemStack;' }
    stack: { '[Lstanhebben/zenscript/value/IAny;', '[Lstanhebben/zenscript/value/IAny;', integer, integer, integer }
  Bytecode:
    0x0000000: 120a bd00 0c59 120d 120f 120d b800 1553
    0x0000010: 5912 1612 1812 19b8 0015 5359 121a 1218
    0x0000020: 121b b800 1553 5912 1c12 1e12 0db8 0015
    0x0000030: 534c 120a bd00 2059 120d 1221 59c7 0008
    0x0000040: 5701 a700 06b8 0027 b800 2d53 5912 1612
    0x0000050: 2159 c700 0857 01a7 0006 b800 27b8 002d
    0x0000060: 5359 121a 122e 59c7 0008 5701 a700 06b8
    0x0000070: 0027 b800 2d53 5912 1c12 2159 c700 0857
    0x0000080: 01a7 0006 b800 27b8 002d 534e 120d bd00
    0x0000090: 203a 05b2 0034 bb00 3659 b700 39b9 003f
    0x00000a0: 0200 57b1                              
  Stackmap Table:
    full_frame(@69,{Top,Object[#65]},{Object[#67],Object[#67],Integer,Integer})
    full_frame(@72,{Top,Object[#65]},{Object[#67],Object[#67],Integer,Object[#32]})
    full_frame(@90,{Top,Object[#65]},{Object[#67],Object[#67],Integer,Integer})
    full_frame(@93,{Top,Object[#65]},{Object[#67],Object[#67],Integer,Object[#32]})
    full_frame(@111,{Top,Object[#65]},{Object[#67],Object[#67],Integer,Integer})
    full_frame(@114,{Top,Object[#65]},{Object[#67],Object[#67],Integer,Object[#32]})
    full_frame(@132,{Top,Object[#65]},{Object[#67],Object[#67],Integer,Integer})
    full_frame(@135,{Top,Object[#65]},{Object[#67],Object[#67],Integer,Object[#32]})

	at __ZenMain__.run(Test)
	at crafttweaker.runtime.CrTTweaker.loadScript(CrTTweaker.java:161)
	at crafttweaker.runtime.CrTTweaker.load(CrTTweaker.java:64)
	at crafttweaker.CrafttweakerImplementationAPI.load(CrafttweakerImplementationAPI.java:115)
	at crafttweaker.mc1120.events.CommonEventHandler.registerRecipes(CommonEventHandler.java:54)
	at net.minecraftforge.fml.common.eventhandler.ASMEventHandler_12_CommonEventHandler_registerRecipes_Register.invoke(.dynamic)
	at net.minecraftforge.fml.common.eventhandler.ASMEventHandler.invoke(ASMEventHandler.java:90)
	at net.minecraftforge.fml.common.eventhandler.EventBus$1.invoke(EventBus.java:143)
	at net.minecraftforge.fml.common.eventhandler.EventBus.post(EventBus.java:179)
	at net.minecraftforge.registries.GameData.fireRegistryEvents(GameData.java:743)
	at net.minecraftforge.common.crafting.CraftingHelper.loadRecipes(CraftingHelper.java:623)
	at net.minecraftforge.fml.common.Loader.initializeMods(Loader.java:779)
	at net.minecraftforge.fml.client.FMLClientHandler.finishMinecraftLoading(FMLClientHandler.java:348)
	at net.minecraft.client.Minecraft.init(Minecraft.java:581)
	at net.minecraft.client.Minecraft.run(Minecraft.java:421)
	at net.minecraft.client.main.Main.main(Main.java:118)
	at sun.reflect.NativeMethodAccessorImpl.invoke0(Native Method)
	at sun.reflect.NativeMethodAccessorImpl.invoke(NativeMethodAccessorImpl.java:62)
	at sun.reflect.DelegatingMethodAccessorImpl.invoke(DelegatingMethodAccessorImpl.java:43)
	at java.lang.reflect.Method.invoke(Method.java:498)
	at net.minecraft.launchwrapper.Launch.launch(Launch.java:135)
	at net.minecraft.launchwrapper.Launch.main(Launch.java:28)
	at sun.reflect.NativeMethodAccessorImpl.invoke0(Native Method)
	at sun.reflect.NativeMethodAccessorImpl.invoke(NativeMethodAccessorImpl.java:62)
	at sun.reflect.DelegatingMethodAccessorImpl.invoke(DelegatingMethodAccessorImpl.java:43)
	at java.lang.reflect.Method.invoke(Method.java:498)
	at net.minecraftforge.gradle.GradleStartCommon.launch(GradleStartCommon.java:97)
	at GradleStart.main(GradleStart.java:25)
[INITIALIZATION][CLIENT][INFO] Completed script loading in: 361ms
